<?xml version="1.0" encoding="UTF-8"?>
<testng-results ignored="0" total="2" passed="2" failed="0" skipped="0">
  <reporter-output>
  </reporter-output>
  <suite started-at="2025-01-13T21:40:28 IST" name="Mytestsuite" finished-at="2025-01-13T21:41:44 IST" duration-ms="76077">
    <groups>
    </groups>
    <test started-at="2025-01-13T21:40:28 IST" name="myTest" finished-at="2025-01-13T21:41:44 IST" duration-ms="76077">
      <class name="testcase.ManageUsersTest">
        <test-method is-config="true" signature="initialiseBrowser(java.lang.String)[pri:0, instance:testcase.ManageUsersTest@446a1e84]" started-at="2025-01-13T21:40:29 IST" name="initialiseBrowser" finished-at="2025-01-13T21:40:42 IST" duration-ms="13671" status="PASS">
          <params>
            <param index="0">
              <value>
                <![CDATA[Chrome]]>
              </value>
            </param>
          </params>
          <reporter-output>
          </reporter-output>
        </test-method> <!-- initialiseBrowser -->
        <test-method signature="createNewAdminUserWithValidDetails()[pri:0, instance:testcase.ManageUsersTest@446a1e84]" started-at="2025-01-13T21:40:42 IST" name="createNewAdminUserWithValidDetails" finished-at="2025-01-13T21:41:04 IST" duration-ms="21894" status="PASS">
          <reporter-output>
          </reporter-output>
        </test-method> <!-- createNewAdminUserWithValidDetails -->
        <test-method is-config="true" signature="driverquit(org.testng.ITestResult)[pri:0, instance:testcase.ManageUsersTest@446a1e84]" started-at="2025-01-13T21:41:04 IST" name="driverquit" finished-at="2025-01-13T21:41:04 IST" duration-ms="5" status="PASS">
          <params>
            <param index="0">
              <value>
                <![CDATA[[TestResult name=createNewAdminUserWithValidDetails status=SUCCESS method=ManageUsersTest.createNewAdminUserWithValidDetails()[pri:0, instance:testcase.ManageUsersTest@446a1e84] output={null}]]]>
              </value>
            </param>
          </params>
          <reporter-output>
          </reporter-output>
        </test-method> <!-- driverquit -->
        <test-method is-config="true" signature="initialiseBrowser(java.lang.String)[pri:0, instance:testcase.ManageUsersTest@446a1e84]" started-at="2025-01-13T21:41:04 IST" name="initialiseBrowser" finished-at="2025-01-13T21:41:30 IST" duration-ms="25766" status="PASS">
          <params>
            <param index="0">
              <value>
                <![CDATA[Chrome]]>
              </value>
            </param>
          </params>
          <reporter-output>
          </reporter-output>
        </test-method> <!-- initialiseBrowser -->
        <test-method signature="searchAdminUserWithInvalidUsernameAndUsertype()[pri:0, instance:testcase.ManageUsersTest@446a1e84]" started-at="2025-01-13T21:41:30 IST" name="searchAdminUserWithInvalidUsernameAndUsertype" finished-at="2025-01-13T21:41:44 IST" duration-ms="14542" status="PASS">
          <reporter-output>
          </reporter-output>
        </test-method> <!-- searchAdminUserWithInvalidUsernameAndUsertype -->
        <test-method is-config="true" signature="driverquit(org.testng.ITestResult)[pri:0, instance:testcase.ManageUsersTest@446a1e84]" started-at="2025-01-13T21:41:44 IST" name="driverquit" finished-at="2025-01-13T21:41:44 IST" duration-ms="1" status="PASS">
          <params>
            <param index="0">
              <value>
                <![CDATA[[TestResult name=searchAdminUserWithInvalidUsernameAndUsertype status=SUCCESS method=ManageUsersTest.searchAdminUserWithInvalidUsernameAndUsertype()[pri:0, instance:testcase.ManageUsersTest@446a1e84] output={null}]]]>
              </value>
            </param>
          </params>
          <reporter-output>
          </reporter-output>
        </test-method> <!-- driverquit -->
      </class> <!-- testcase.ManageUsersTest -->
    </test> <!-- myTest -->
  </suite> <!-- Mytestsuite -->
</testng-results>
