<?xml version="1.0" encoding="UTF-8"?>
<!-- Generated by org.testng.reporters.JUnitXMLReporter -->
<testsuite ignored="0" hostname="RejulasPC" failures="0" tests="2" name="EdgeTest" time="25.526" errors="0" timestamp="2025-01-15T10:42:08 IST">
  <testcase classname="testcase.SubCategoryTest" name="createNewSubCategoryWithValidDetails" time="0.001">
    <skipped/>
  </testcase> <!-- createNewSubCategoryWithValidDetails -->
  <testcase classname="testcase.SubCategoryTest" name="searchSubCategoryWithInValidDetails" time="0.0">
    <skipped/>
  </testcase> <!-- searchSubCategoryWithInValidDetails -->
</testsuite> <!-- EdgeTest -->
